{"/Users/zachshearer/Desktop/dates-library/src/index.js": {"path":"/Users/zachshearer/Desktop/dates-library/src/index.js","statementMap":{"0":{"start":{"line":1,"column":15},"end":{"line":1,"column":137}},"1":{"start":{"line":2,"column":17},"end":{"line":2,"column":95}},"2":{"start":{"line":6,"column":4},"end":{"line":6,"column":34}},"3":{"start":{"line":10,"column":4},"end":{"line":10,"column":35}},"4":{"start":{"line":13,"column":4},"end":{"line":13,"column":58}},"5":{"start":{"line":16,"column":4},"end":{"line":16,"column":40}},"6":{"start":{"line":19,"column":4},"end":{"line":19,"column":52}},"7":{"start":{"line":22,"column":4},"end":{"line":22,"column":40}},"8":{"start":{"line":25,"column":4},"end":{"line":25,"column":52}},"9":{"start":{"line":28,"column":4},"end":{"line":28,"column":31}},"10":{"start":{"line":31,"column":4},"end":{"line":31,"column":32}},"11":{"start":{"line":34,"column":4},"end":{"line":34,"column":34}},"12":{"start":{"line":37,"column":4},"end":{"line":37,"column":34}},"13":{"start":{"line":46,"column":4},"end":{"line":46,"column":43}},"14":{"start":{"line":46,"column":37},"end":{"line":46,"column":43}},"15":{"start":{"line":47,"column":20},"end":{"line":47,"column":36}},"16":{"start":{"line":48,"column":24},"end":{"line":48,"column":26}},"17":{"start":{"line":50,"column":4},"end":{"line":100,"column":5}},"18":{"start":{"line":50,"column":17},"end":{"line":50,"column":18}},"19":{"start":{"line":51,"column":6},"end":{"line":99,"column":7}},"20":{"start":{"line":53,"column":10},"end":{"line":53,"column":51}},"21":{"start":{"line":54,"column":10},"end":{"line":54,"column":15}},"22":{"start":{"line":56,"column":10},"end":{"line":56,"column":49}},"23":{"start":{"line":57,"column":10},"end":{"line":57,"column":15}},"24":{"start":{"line":59,"column":10},"end":{"line":59,"column":52}},"25":{"start":{"line":60,"column":10},"end":{"line":60,"column":15}},"26":{"start":{"line":62,"column":10},"end":{"line":62,"column":50}},"27":{"start":{"line":63,"column":10},"end":{"line":63,"column":15}},"28":{"start":{"line":65,"column":10},"end":{"line":65,"column":51}},"29":{"start":{"line":66,"column":10},"end":{"line":66,"column":15}},"30":{"start":{"line":68,"column":23},"end":{"line":68,"column":43}},"31":{"start":{"line":69,"column":10},"end":{"line":70,"column":57}},"32":{"start":{"line":69,"column":31},"end":{"line":69,"column":67}},"33":{"start":{"line":70,"column":15},"end":{"line":70,"column":57}},"34":{"start":{"line":71,"column":10},"end":{"line":71,"column":15}},"35":{"start":{"line":73,"column":22},"end":{"line":73,"column":50}},"36":{"start":{"line":74,"column":10},"end":{"line":75,"column":56}},"37":{"start":{"line":74,"column":30},"end":{"line":74,"column":65}},"38":{"start":{"line":75,"column":15},"end":{"line":75,"column":56}},"39":{"start":{"line":76,"column":10},"end":{"line":76,"column":15}},"40":{"start":{"line":78,"column":10},"end":{"line":78,"column":52}},"41":{"start":{"line":79,"column":10},"end":{"line":79,"column":15}},"42":{"start":{"line":81,"column":23},"end":{"line":81,"column":43}},"43":{"start":{"line":82,"column":10},"end":{"line":83,"column":57}},"44":{"start":{"line":82,"column":31},"end":{"line":82,"column":67}},"45":{"start":{"line":83,"column":15},"end":{"line":83,"column":57}},"46":{"start":{"line":84,"column":10},"end":{"line":84,"column":15}},"47":{"start":{"line":86,"column":10},"end":{"line":86,"column":51}},"48":{"start":{"line":87,"column":10},"end":{"line":87,"column":15}},"49":{"start":{"line":89,"column":23},"end":{"line":89,"column":43}},"50":{"start":{"line":90,"column":10},"end":{"line":91,"column":57}},"51":{"start":{"line":90,"column":31},"end":{"line":90,"column":67}},"52":{"start":{"line":91,"column":15},"end":{"line":91,"column":57}},"53":{"start":{"line":92,"column":10},"end":{"line":92,"column":15}},"54":{"start":{"line":94,"column":10},"end":{"line":94,"column":51}},"55":{"start":{"line":95,"column":10},"end":{"line":95,"column":15}},"56":{"start":{"line":97,"column":10},"end":{"line":97,"column":52}},"57":{"start":{"line":98,"column":10},"end":{"line":98,"column":15}},"58":{"start":{"line":101,"column":4},"end":{"line":101,"column":24}},"59":{"start":{"line":109,"column":16},"end":{"line":109,"column":26}},"60":{"start":{"line":111,"column":4},"end":{"line":137,"column":5}},"61":{"start":{"line":112,"column":16},"end":{"line":112,"column":60}},"62":{"start":{"line":113,"column":16},"end":{"line":113,"column":54}},"63":{"start":{"line":114,"column":16},"end":{"line":114,"column":52}},"64":{"start":{"line":116,"column":6},"end":{"line":122,"column":7}},"65":{"start":{"line":117,"column":8},"end":{"line":117,"column":38}},"66":{"start":{"line":118,"column":13},"end":{"line":122,"column":7}},"67":{"start":{"line":119,"column":8},"end":{"line":119,"column":39}},"68":{"start":{"line":121,"column":8},"end":{"line":121,"column":37}},"69":{"start":{"line":123,"column":11},"end":{"line":137,"column":5}},"70":{"start":{"line":124,"column":16},"end":{"line":124,"column":60}},"71":{"start":{"line":125,"column":16},"end":{"line":125,"column":54}},"72":{"start":{"line":126,"column":16},"end":{"line":126,"column":52}},"73":{"start":{"line":128,"column":6},"end":{"line":134,"column":7}},"74":{"start":{"line":129,"column":8},"end":{"line":129,"column":33}},"75":{"start":{"line":130,"column":13},"end":{"line":134,"column":7}},"76":{"start":{"line":131,"column":8},"end":{"line":131,"column":34}},"77":{"start":{"line":133,"column":8},"end":{"line":133,"column":32}},"78":{"start":{"line":136,"column":6},"end":{"line":136,"column":20}},"79":{"start":{"line":141,"column":0},"end":{"line":141,"column":18}}},"fnMap":{"0":{"name":"(anonymous_0)","decl":{"start":{"line":5,"column":2},"end":{"line":5,"column":3}},"loc":{"start":{"line":5,"column":23},"end":{"line":7,"column":3}},"line":5},"1":{"name":"(anonymous_1)","decl":{"start":{"line":9,"column":2},"end":{"line":9,"column":3}},"loc":{"start":{"line":9,"column":13},"end":{"line":11,"column":3}},"line":9},"2":{"name":"(anonymous_2)","decl":{"start":{"line":12,"column":2},"end":{"line":12,"column":3}},"loc":{"start":{"line":12,"column":11},"end":{"line":14,"column":3}},"line":12},"3":{"name":"(anonymous_3)","decl":{"start":{"line":15,"column":2},"end":{"line":15,"column":3}},"loc":{"start":{"line":15,"column":14},"end":{"line":17,"column":3}},"line":15},"4":{"name":"(anonymous_4)","decl":{"start":{"line":18,"column":2},"end":{"line":18,"column":3}},"loc":{"start":{"line":18,"column":12},"end":{"line":20,"column":3}},"line":18},"5":{"name":"(anonymous_5)","decl":{"start":{"line":21,"column":2},"end":{"line":21,"column":3}},"loc":{"start":{"line":21,"column":12},"end":{"line":23,"column":3}},"line":21},"6":{"name":"(anonymous_6)","decl":{"start":{"line":24,"column":2},"end":{"line":24,"column":3}},"loc":{"start":{"line":24,"column":11},"end":{"line":26,"column":3}},"line":24},"7":{"name":"(anonymous_7)","decl":{"start":{"line":27,"column":2},"end":{"line":27,"column":3}},"loc":{"start":{"line":27,"column":13},"end":{"line":29,"column":3}},"line":27},"8":{"name":"(anonymous_8)","decl":{"start":{"line":30,"column":2},"end":{"line":30,"column":3}},"loc":{"start":{"line":30,"column":14},"end":{"line":32,"column":3}},"line":30},"9":{"name":"(anonymous_9)","decl":{"start":{"line":33,"column":2},"end":{"line":33,"column":3}},"loc":{"start":{"line":33,"column":13},"end":{"line":35,"column":3}},"line":33},"10":{"name":"(anonymous_10)","decl":{"start":{"line":36,"column":2},"end":{"line":36,"column":3}},"loc":{"start":{"line":36,"column":13},"end":{"line":38,"column":3}},"line":36},"11":{"name":"(anonymous_11)","decl":{"start":{"line":45,"column":2},"end":{"line":45,"column":3}},"loc":{"start":{"line":45,"column":21},"end":{"line":102,"column":3}},"line":45},"12":{"name":"(anonymous_12)","decl":{"start":{"line":108,"column":2},"end":{"line":108,"column":3}},"loc":{"start":{"line":108,"column":9},"end":{"line":138,"column":3}},"line":108}},"branchMap":{"0":{"loc":{"start":{"line":46,"column":4},"end":{"line":46,"column":43}},"type":"if","locations":[{"start":{"line":46,"column":4},"end":{"line":46,"column":43}},{"start":{},"end":{}}],"line":46},"1":{"loc":{"start":{"line":51,"column":6},"end":{"line":99,"column":7}},"type":"switch","locations":[{"start":{"line":52,"column":8},"end":{"line":54,"column":15}},{"start":{"line":55,"column":8},"end":{"line":57,"column":15}},{"start":{"line":58,"column":8},"end":{"line":60,"column":15}},{"start":{"line":61,"column":8},"end":{"line":63,"column":15}},{"start":{"line":64,"column":8},"end":{"line":66,"column":15}},{"start":{"line":67,"column":8},"end":{"line":71,"column":15}},{"start":{"line":72,"column":8},"end":{"line":76,"column":15}},{"start":{"line":77,"column":8},"end":{"line":79,"column":15}},{"start":{"line":80,"column":8},"end":{"line":84,"column":15}},{"start":{"line":85,"column":8},"end":{"line":87,"column":15}},{"start":{"line":88,"column":8},"end":{"line":92,"column":15}},{"start":{"line":93,"column":8},"end":{"line":95,"column":15}},{"start":{"line":96,"column":8},"end":{"line":98,"column":15}}],"line":51},"2":{"loc":{"start":{"line":69,"column":10},"end":{"line":70,"column":57}},"type":"if","locations":[{"start":{"line":69,"column":10},"end":{"line":70,"column":57}},{"start":{"line":70,"column":15},"end":{"line":70,"column":57}}],"line":69},"3":{"loc":{"start":{"line":74,"column":10},"end":{"line":75,"column":56}},"type":"if","locations":[{"start":{"line":74,"column":10},"end":{"line":75,"column":56}},{"start":{"line":75,"column":15},"end":{"line":75,"column":56}}],"line":74},"4":{"loc":{"start":{"line":82,"column":10},"end":{"line":83,"column":57}},"type":"if","locations":[{"start":{"line":82,"column":10},"end":{"line":83,"column":57}},{"start":{"line":83,"column":15},"end":{"line":83,"column":57}}],"line":82},"5":{"loc":{"start":{"line":90,"column":10},"end":{"line":91,"column":57}},"type":"if","locations":[{"start":{"line":90,"column":10},"end":{"line":91,"column":57}},{"start":{"line":91,"column":15},"end":{"line":91,"column":57}}],"line":90},"6":{"loc":{"start":{"line":111,"column":4},"end":{"line":137,"column":5}},"type":"if","locations":[{"start":{"line":111,"column":4},"end":{"line":137,"column":5}},{"start":{"line":123,"column":11},"end":{"line":137,"column":5}}],"line":111},"7":{"loc":{"start":{"line":116,"column":6},"end":{"line":122,"column":7}},"type":"if","locations":[{"start":{"line":116,"column":6},"end":{"line":122,"column":7}},{"start":{"line":118,"column":13},"end":{"line":122,"column":7}}],"line":116},"8":{"loc":{"start":{"line":118,"column":13},"end":{"line":122,"column":7}},"type":"if","locations":[{"start":{"line":118,"column":13},"end":{"line":122,"column":7}},{"start":{"line":120,"column":13},"end":{"line":122,"column":7}}],"line":118},"9":{"loc":{"start":{"line":123,"column":11},"end":{"line":137,"column":5}},"type":"if","locations":[{"start":{"line":123,"column":11},"end":{"line":137,"column":5}},{"start":{"line":135,"column":11},"end":{"line":137,"column":5}}],"line":123},"10":{"loc":{"start":{"line":128,"column":6},"end":{"line":134,"column":7}},"type":"if","locations":[{"start":{"line":128,"column":6},"end":{"line":134,"column":7}},{"start":{"line":130,"column":13},"end":{"line":134,"column":7}}],"line":128},"11":{"loc":{"start":{"line":130,"column":13},"end":{"line":134,"column":7}},"type":"if","locations":[{"start":{"line":130,"column":13},"end":{"line":134,"column":7}},{"start":{"line":132,"column":13},"end":{"line":134,"column":7}}],"line":130}},"s":{"0":1,"1":1,"2":3,"3":3,"4":2,"5":3,"6":2,"7":1,"8":1,"9":4,"10":3,"11":3,"12":3,"13":3,"14":0,"15":3,"16":3,"17":3,"18":3,"19":32,"20":2,"21":2,"22":1,"23":1,"24":2,"25":2,"26":1,"27":1,"28":2,"29":2,"30":1,"31":1,"32":0,"33":1,"34":1,"35":1,"36":1,"37":1,"38":0,"39":1,"40":1,"41":1,"42":1,"43":1,"44":1,"45":0,"46":1,"47":1,"48":1,"49":1,"50":1,"51":1,"52":0,"53":1,"54":1,"55":1,"56":17,"57":17,"58":3,"59":0,"60":0,"61":0,"62":0,"63":0,"64":0,"65":0,"66":0,"67":0,"68":0,"69":0,"70":0,"71":0,"72":0,"73":0,"74":0,"75":0,"76":0,"77":0,"78":0,"79":1},"f":{"0":3,"1":3,"2":2,"3":3,"4":2,"5":1,"6":1,"7":4,"8":3,"9":3,"10":3,"11":3,"12":0},"b":{"0":[0,3],"1":[2,1,2,1,2,1,1,1,1,1,1,1,17],"2":[0,1],"3":[1,0],"4":[1,0],"5":[1,0],"6":[0,0],"7":[0,0],"8":[0,0],"9":[0,0],"10":[0,0],"11":[0,0]},"_coverageSchema":"1a1c01bbd47fc00a2c39e90264f33305004495a9","hash":"eafc736e803c2deae579be5fbf2823b2e9c6f369"}
}
