TN:
SF:src/index.js
FN:5,(anonymous_0)
FN:9,(anonymous_1)
FN:12,(anonymous_2)
FN:15,(anonymous_3)
FN:18,(anonymous_4)
FN:21,(anonymous_5)
FN:24,(anonymous_6)
FN:27,(anonymous_7)
FN:30,(anonymous_8)
FN:33,(anonymous_9)
FN:36,(anonymous_10)
FN:45,(anonymous_11)
FN:108,(anonymous_12)
FNF:13
FNH:12
FNDA:3,(anonymous_0)
FNDA:3,(anonymous_1)
FNDA:2,(anonymous_2)
FNDA:3,(anonymous_3)
FNDA:2,(anonymous_4)
FNDA:1,(anonymous_5)
FNDA:1,(anonymous_6)
FNDA:4,(anonymous_7)
FNDA:3,(anonymous_8)
FNDA:3,(anonymous_9)
FNDA:3,(anonymous_10)
FNDA:3,(anonymous_11)
FNDA:0,(anonymous_12)
DA:1,1
DA:2,1
DA:6,3
DA:10,3
DA:13,2
DA:16,3
DA:19,2
DA:22,1
DA:25,1
DA:28,4
DA:31,3
DA:34,3
DA:37,3
DA:46,3
DA:47,3
DA:48,3
DA:50,3
DA:51,32
DA:53,2
DA:54,2
DA:56,1
DA:57,1
DA:59,2
DA:60,2
DA:62,1
DA:63,1
DA:65,2
DA:66,2
DA:68,1
DA:69,1
DA:70,1
DA:71,1
DA:73,1
DA:74,1
DA:75,0
DA:76,1
DA:78,1
DA:79,1
DA:81,1
DA:82,1
DA:83,0
DA:84,1
DA:86,1
DA:87,1
DA:89,1
DA:90,1
DA:91,0
DA:92,1
DA:94,1
DA:95,1
DA:97,17
DA:98,17
DA:101,3
DA:109,0
DA:111,0
DA:112,0
DA:113,0
DA:114,0
DA:116,0
DA:117,0
DA:118,0
DA:119,0
DA:121,0
DA:123,0
DA:124,0
DA:125,0
DA:126,0
DA:128,0
DA:129,0
DA:130,0
DA:131,0
DA:133,0
DA:136,0
DA:141,1
LF:74
LH:51
BRDA:46,0,0,0
BRDA:46,0,1,3
BRDA:51,1,0,2
BRDA:51,1,1,1
BRDA:51,1,2,2
BRDA:51,1,3,1
BRDA:51,1,4,2
BRDA:51,1,5,1
BRDA:51,1,6,1
BRDA:51,1,7,1
BRDA:51,1,8,1
BRDA:51,1,9,1
BRDA:51,1,10,1
BRDA:51,1,11,1
BRDA:51,1,12,17
BRDA:69,2,0,0
BRDA:69,2,1,1
BRDA:74,3,0,1
BRDA:74,3,1,0
BRDA:82,4,0,1
BRDA:82,4,1,0
BRDA:90,5,0,1
BRDA:90,5,1,0
BRDA:111,6,0,0
BRDA:111,6,1,0
BRDA:116,7,0,0
BRDA:116,7,1,0
BRDA:118,8,0,0
BRDA:118,8,1,0
BRDA:123,9,0,0
BRDA:123,9,1,0
BRDA:128,10,0,0
BRDA:128,10,1,0
BRDA:130,11,0,0
BRDA:130,11,1,0
BRF:35
BRH:18
end_of_record
